[debug] [2025-04-08T19:18:31.967Z] ----------------------------------------------------------------------
[debug] [2025-04-08T19:18:31.974Z] Command:       C:\nvm4w\nodejs\node.exe C:\Users\emmam\AppData\Roaming\npm\node_modules\firebase-tools\lib\bin\firebase.js init
[debug] [2025-04-08T19:18:31.975Z] CLI Version:   14.1.0
[debug] [2025-04-08T19:18:31.975Z] Platform:      win32
[debug] [2025-04-08T19:18:31.976Z] Node Version:  v20.18.3
[debug] [2025-04-08T19:18:31.976Z] Time:          Tue Apr 08 2025 21:18:31 GMT+0200 (centraleuropeisk sommartid)
[debug] [2025-04-08T19:18:31.976Z] ----------------------------------------------------------------------
[debug] 
[debug] [2025-04-08T19:18:31.985Z] >>> [apiv2][query] GET https://firebase-public.firebaseio.com/cli.json [none]
[debug] [2025-04-08T19:18:32.117Z] > command requires scopes: ["email","openid","https://www.googleapis.com/auth/cloudplatformprojects.readonly","https://www.googleapis.com/auth/firebase","https://www.googleapis.com/auth/cloud-platform"]
[debug] [2025-04-08T19:18:32.118Z] > authorizing via signed-in user (mellgrenemma0@gmail.com)
[info] 
     ######## #### ########  ######## ########     ###     ######  ########
     ##        ##  ##     ## ##       ##     ##  ##   ##  ##       ##
     ######    ##  ########  ######   ########  #########  ######  ######
     ##        ##  ##    ##  ##       ##     ## ##     ##       ## ##
     ##       #### ##     ## ######## ########  ##     ##  ######  ########

You're about to initialize a Firebase project in this directory:

  C:\Users\emmam\CODING PROJECTS\auth-task

[debug] [2025-04-08T19:18:32.656Z] <<< [apiv2][status] GET https://firebase-public.firebaseio.com/cli.json 200
[debug] [2025-04-08T19:18:32.657Z] <<< [apiv2][body] GET https://firebase-public.firebaseio.com/cli.json {"cloudBuildErrorAfter":1594252800000,"cloudBuildWarnAfter":1590019200000,"defaultNode10After":1594252800000,"minVersion":"3.0.5","node8DeploysDisabledAfter":1613390400000,"node8RuntimeDisabledAfter":1615809600000,"node8WarnAfter":1600128000000}
